ag/.agignore
ag/.zsh.d/ag.alias.sh
coreutils/.zsh.d/coreutils.env.sh
curl/.zsh.d/curl.env.sh
direnv/.zsh.d/direnv.env.sh
findutils/.zsh.d/findutils.env.sh
fzf/.zsh.d/fzf.alias.sh
gawk/.zsh.d/gawk.alias.sh
gibo/.gitignore-boilerplates/humangas.gitignore
gnu-getopt/zsh.d/gnu-getopt.env.sh
go/.zsh.d/go.env.sh
hammerspoon/.hammerspoon/init.lua
hammerspoon/.hammerspoon/Spoons
jenv/.zsh.d/jenv.env.sh
jupyter/.zsh.d/jupyter.alias.sh
nodenv/.zsh.d/nodenv.env.sh
pyenv/.zsh.d/pyenv.env.sh
python/.zsh.d/python.env.sh
rbenv/.zsh.d/rbenv.env.sh
tig/.tigrc
tmux/.tmux.conf
tmux/bin
vim/.vimrc
zsh/.zshrc
zsh/.zsh.d/zsh.alias.sh
